<?xml version="1.0" encoding="UTF-8"?>
<!-- Generated by org.testng.reporters.JUnitReportReporter -->
<testsuite hostname="RSoft-pc" failures="0" tests="1" name="testCases.TC_003_SFAll_Independent" time="75.365" errors="0" timestamp="2023-09-27T12:27:46 IST" skipped="0">
  <testcase classname="testCases.TC_003_SFAll_Independent" name="testAllControls" time="75.365"/>
</testsuite> <!-- testCases.TC_003_SFAll_Independent -->
