<?xml version="1.0" encoding="UTF-8"?>
<!-- Generated by org.testng.reporters.JUnitReportReporter -->
<testsuite hostname="RSoft-pc" failures="0" tests="1" name="testCases.TC_001_SFI_Message" time="32.395" errors="0" timestamp="2023-09-20T16:37:54 IST" skipped="0">
  <testcase classname="testCases.TC_001_SFI_Message" name="Ind_Message" time="32.395"/>
</testsuite> <!-- testCases.TC_001_SFI_Message -->
